2026-05-03 00:04:08,723 - pyswarms.discrete.binary - INFO - Optimize for 10 iters with {'c1': 0.5, 'c2': 0.5, 'w': 0.9, 'k': 30, 'p': 2}
2026-05-03 00:06:06,009 - pyswarms.discrete.binary - INFO - Optimize for 10 iters with {'c1': 0.5, 'c2': 0.5, 'w': 0.9, 'k': 15, 'p': 2}
2026-05-03 00:06:51,006 - pyswarms.discrete.binary - INFO - Optimization finished | best cost: 0.24179433944939127, best pos: [1 1 0 1 0 1 1 1 1 0 1 0 0 0 0 1 1 1 0 1 0 1 0 0 1 1 1 0 1 0 1 1 1 0 0 0 0]
2026-05-03 00:08:09,944 - pyswarms.discrete.binary - INFO - Optimize for 20 iters with {'c1': 0.5, 'c2': 0.5, 'w': 0.9, 'k': 30, 'p': 2}
2026-05-03 00:11:16,132 - pyswarms.discrete.binary - INFO - Optimization finished | best cost: 0.24109087720187466, best pos: [1 1 0 1 0 1 0 1 1 1 1 1 0 1 0 1 1 1 1 1 1 1 1 0 1 1 0 0 1 0 1 0 1 0 0 0 1]
2026-05-03 13:36:35,655 - pyswarms.discrete.binary - INFO - Optimize for 20 iters with {'c1': 0.5, 'c2': 0.5, 'w': 0.9, 'k': 30, 'p': 2}
2026-05-03 13:39:29,097 - pyswarms.discrete.binary - INFO - Optimization finished | best cost: 0.24037917889905866, best pos: [1 1 1 1 1 1 1 1 1 0 1 1 0 0 0 0 1 1 1 1 1 0 1 1 1 1 1 1 0 1 0 1 1 1 1 1 1]
2026-05-03 17:04:55,124 - pyswarms.discrete.binary - INFO - Optimize for 20 iters with {'c1': 0.5, 'c2': 0.5, 'w': 0.9, 'k': 30, 'p': 2}
2026-05-03 17:07:51,069 - pyswarms.discrete.binary - INFO - Optimize for 20 iters with {'c1': 0.5, 'c2': 0.5, 'w': 0.9, 'k': 30, 'p': 2}
2026-05-03 17:10:40,782 - pyswarms.discrete.binary - INFO - Optimization finished | best cost: 0.2405353710526273, best pos: [1 1 1 1 1 1 1 1 1 1 0 0 0 1 1 0 0 1 0 1 1 1 0 1 0 1 0 0 1 0 1 1 1 0 0 1 1]
2026-05-03 17:31:15,626 - pyswarms.discrete.binary - INFO - Optimize for 20 iters with {'c1': 0.5, 'c2': 0.5, 'w': 0.9, 'k': 30, 'p': 2}
2026-05-03 17:33:57,945 - pyswarms.discrete.binary - INFO - Optimization finished | best cost: 0.24019865737557972, best pos: [1 1 1 1 1 1 0 1 1 1 1 1 0 1 0 1 0 1 0 1 1 0 0 0 0 1 1 1 0 1 0 1 1 0 0 1 1]
2026-05-03 17:45:48,489 - pyswarms.discrete.binary - INFO - Optimize for 20 iters with {'c1': 0.5, 'c2': 0.5, 'w': 0.9, 'k': 30, 'p': 2}
2026-05-03 17:49:03,151 - pyswarms.discrete.binary - INFO - Optimization finished | best cost: 0.2419284881587289, best pos: [1 0 1 1 1 1 0 1 1 1 1 1 0 1 0 0 1 0 1 1 1 1 1 0 1 1 1 0 1 1 1 1 0 1 0 0 1]
2026-05-03 18:15:48,288 - pyswarms.discrete.binary - INFO - Optimize for 20 iters with {'c1': 0.5, 'c2': 0.5, 'w': 0.9, 'k': 30, 'p': 2}
2026-05-03 18:18:50,967 - pyswarms.discrete.binary - INFO - Optimization finished | best cost: 0.2407682568819684, best pos: [1 1 1 1 1 1 0 1 1 1 1 1 0 0 0 0 0 1 1 0 0 1 0 0 0 1 1 0 0 0 1 1 1 1 0 0 1]
2026-05-13 19:33:03,884 - pyswarms.discrete.binary - INFO - Optimize for 20 iters with {'c1': 0.5, 'c2': 0.5, 'w': 0.9, 'k': 30, 'p': 2}
2026-05-13 19:35:23,217 - pyswarms.discrete.binary - INFO - Optimization finished | best cost: 0.23974096530325326, best pos: [1 1 1 1 1 1 0 1 1 1 1 1 0 0 0 0 1 1 1 1 0 1 1 1 0 1 0 1 1 1 1 1 1 1 0 1 1]
2026-05-14 19:23:21,052 - pyswarms.discrete.binary - INFO - Optimize for 20 iters with {'c1': 0.5, 'c2': 0.5, 'w': 0.9, 'k': 30, 'p': 2}
2026-05-14 19:25:35,347 - pyswarms.discrete.binary - INFO - Optimization finished | best cost: 0.24210107544642118, best pos: [1 0 1 1 0 1 1 1 1 1 0 0 1 1 0 1 0 0 1 1 1 0 0 0 0 0 1 0 0 0 1 1 0 0 0 0 1]
2026-05-14 19:58:22,890 - pyswarms.discrete.binary - INFO - Optimize for 20 iters with {'c1': 0.5, 'c2': 0.5, 'w': 0.9, 'k': 30, 'p': 2}
2026-05-14 20:00:43,300 - pyswarms.discrete.binary - INFO - Optimization finished | best cost: 0.23908423136085316, best pos: [1 1 1 1 1 1 1 1 1 1 0 0 0 0 0 0 0 1 1 1 1 1 0 0 1 0 1 0 1 1 1 1 0 1 0 1 1]
2026-05-25 02:40:45,307 - pyswarms.discrete.binary - INFO - Optimize for 20 iters with {'c1': 0.5, 'c2': 0.5, 'w': 0.9, 'k': 30, 'p': 2}
2026-05-25 02:43:32,835 - pyswarms.discrete.binary - INFO - Optimization finished | best cost: 0.24228008378116409, best pos: [1 1 0 1 1 1 1 1 1 1 0 0 1 1 1 0 0 0 1]
2026-05-25 04:10:41,846 - pyswarms.discrete.binary - INFO - Optimize for 20 iters with {'c1': 0.5, 'c2': 0.5, 'w': 0.9, 'k': 30, 'p': 2}
2026-05-25 04:13:15,269 - pyswarms.discrete.binary - INFO - Optimization finished | best cost: 0.2446415531745354, best pos: [1 1 1 1 1 1 0 1 1 1 1 0 1 0 1 1 0 0 1]
2026-05-25 19:00:57,737 - pyswarms.discrete.binary - INFO - Optimize for 50 iters with {'c1': 0.5, 'c2': 0.5, 'w': 0.9, 'k': 30, 'p': 2}
2026-05-25 19:08:52,112 - pyswarms.discrete.binary - INFO - Optimization finished | best cost: 0.24363815933538163, best pos: [1 1 1 1 1 1 0 1 1 1 1 1 1 1 1 0 1 0 1]
2026-05-26 00:49:18,795 - pyswarms.discrete.binary - INFO - Optimize for 30 iters with {'c1': 0.5, 'c2': 0.5, 'w': 0.9, 'k': 30, 'p': 2}
2026-05-26 00:53:00,031 - pyswarms.discrete.binary - INFO - Optimization finished | best cost: 0.24359748982804597, best pos: [1 1 0 1 1 1 0 1 1 1 0 1 1 1 0 1 0 1 1]
2026-05-30 22:06:09,111 - pyswarms.discrete.binary - INFO - Optimize for 30 iters with {'c1': 0.5, 'c2': 0.5, 'w': 0.9, 'k': 30, 'p': 2}
2026-05-30 22:09:37,826 - pyswarms.discrete.binary - INFO - Optimization finished | best cost: 0.24457041779060384, best pos: [1 1 1 1 1 1 1 1 1 1 1 0 1 1 1 0 0 0 0]
2026-05-30 22:43:03,579 - pyswarms.discrete.binary - INFO - Optimize for 30 iters with {'c1': 0.5, 'c2': 0.5, 'w': 0.9, 'k': 30, 'p': 2}
2026-05-30 22:56:01,984 - pyswarms.discrete.binary - INFO - Optimization finished | best cost: 0.20388977915335144, best pos: [1 1 1 1 1 1 1 1 1 1 1 1 1 1 1 0 0 0 1]
2026-06-01 00:38:24,931 - pyswarms.discrete.binary - INFO - Optimize for 30 iters with {'c1': 0.5, 'c2': 0.5, 'w': 0.9, 'k': 30, 'p': 2}
2026-06-01 00:51:29,614 - pyswarms.discrete.binary - INFO - Optimization finished | best cost: 0.20514765344833563, best pos: [1 1 1 1 1 1 1 1 1 1 0 1 1 1 1 0 0 0 0]
